<?xml version="1.0" encoding="UTF-8"?>
<testsuite xmlns:xsi="http://www.w3.org/2001/XMLSchema-instance" xsi:noNamespaceSchemaLocation="https://maven.apache.org/surefire/maven-surefire-plugin/xsd/surefire-test-report.xsd" version="3.0.1" name="engine.Runner" time="8.372" tests="2" errors="0" skipped="0" failures="0">
  <properties>
[...]
</properties>
  <testcase name="runScenario[&quot;Positive Scenario to check fact field string length greater than 5&quot;, &quot;This test is to demonstrate assignment for TEG&quot;](1)" classname="engine.Runner" time="2.312">
    <system-out><![CDATA[null
Request method:	GET
Request URI:	https://catfact.ninja/fact
Proxy:			<none>
Request params:	<none>
Query params:	<none>
Form params:	<none>
Path params:	<none>
Headers:		Accept=*/*
				Content-Type=application/json
Cookies:		<none>
Multiparts:		<none>
Body:			<none>
HTTP/1.1 200 OK
Date: Fri, 07 Mar 2025 06:02:59 GMT
Content-Type: application/json
Transfer-Encoding: chunked
Connection: keep-alive
Cache-Control: no-cache, private
x-ratelimit-limit: 100
x-ratelimit-remaining: 91
access-control-allow-origin: *
Set-Cookie: XSRF-TOKEN=eyJpdiI6Imo1UmhlL1BReXdoV1VVcSswZlNuVWc9PSIsInZhbHVlIjoicXNSV0N1NDFDcEY0ZHhyZURndU5NQ2JMU1hNckFVZFBwbDFxc053N1lKSG5uZGVqS1RVUDhxVElRUm0zNWpkK0VKWWZ0U3NnVGFDeGFCRU5LQ054MDJNQklSM3JZWVlMSzROYkMwdkFpMmVIc0dDQzRjN2lobGx3QlAxN3JtdTIiLCJtYWMiOiIwMWFkZjVjMzM3MmJhODFjODAwMDA2ZTk2NGQ5MDVmMzBhMWYzOWM0Y2Q2YTFhYzQzZmRkNGFjYzE3NzNlYzFjIiwidGFnIjoiIn0%3D; expires=Fri, 07-Mar-2025 08:02:59 GMT; Max-Age=7200; path=/; secure; samesite=lax
Set-Cookie: catfacts_session=eyJpdiI6IkZSWWVtVkttKzB2Vk1sUEdtWHNOV1E9PSIsInZhbHVlIjoiTVNOcG02N0JodENSSTBVN3FNYTZaN3BoZHVOZmdMVWxvLzFZZUMxWjFYNUR1N25EZmpHV0k0NmV2cTZTMndBOVE1R0dkWnZXaGRtSmhlemNFdGJObnRUZ3FhaVBLQ2Q4Z1ZFTWdyWWdDSU1PbU05UjF0RXlKZ0twdm1HSVdQTm4iLCJtYWMiOiIwZDI5NjYzNzlkMmIwNDU2NTRkZWU2NTk0MmNhOWIwMzYwNmQyYzYzYWI1OTA1ZDA4ODFkODcyYmI0NmQ0ZjY3IiwidGFnIjoiIn0%3D; expires=Fri, 07-Mar-2025 08:02:59 GMT; Max-Age=7200; path=/; secure; httponly; samesite=lax
Set-Cookie: ExO6IDsfmHD1VBTLMxA4yiKagq2nlavm6iqFPpx1=eyJpdiI6IlNnQzFBOCtHcElWQ3FyazRBWnhndVE9PSIsInZhbHVlIjoiM0lRc2JyUlRpdlRIS25JRjBkbW5QZ3FmWExCSG02OGRPbnYwNTcxVHAwajV6OGxXdHRHbEMrUWlRZGh0dWg0aFdYVFhuRnl3eFpHMmZBRmljdFo2eWhlSkVwWHBubTg3NkxMRjRoR09UbTYxbEswUkdudGlmMVJwRGwxbXQzdy9WbWlIRWZUVUMwWm14K1d6cXFMR2hsV3I2YVJ3bHpLdDBzbGQ2Vlp3bCtDeVNFNFNTMi9CRTFaVlVvY3EvcFJPNWYvTDdIL2xxMUc5ZmJqcUl0MEx3cDdnemhkaWNBTjFaaFY4cy9OM0UxbllISW1ESFRVQjVyVmtscXhGYVVFUGJwM3ZHWDR5OUluQStTZFdpM0xFd2g2S0dsSHIwR21zZ0ZwMTIrdVljbkNmSTFMekRKN0lvTHdUbmpSZ2pXazI2UWQxMkZqcFMxQXY4WmVKUG1ULy9JeGRONW1HL3lPdDN4bmdNRHdKSElXQnV0S3VLS29mRWtxaTB0dmNpM05FIiwibWFjIjoiZDVjY2I3MzAzYWQyOWMxNTg2MjUyOTk0M2I0YTc0YWI1ODkxNzU1NzRlYTViMDdhMTdiNzk0MWFkOGFmNjk3YyIsInRhZyI6IiJ9; expires=Fri, 07-Mar-2025 08:02:59 GMT; Max-Age=7200; path=/; secure; httponly; samesite=lax
x-frame-options: SAMEORIGIN
x-xss-protection: 1; mode=block
x-content-type-options: nosniff
cf-cache-status: DYNAMIC
Report-To: {"endpoints":[{"url":"https:\/\/a.nel.cloudflare.com\/report\/v4?s=f8HFZGWU%2FWel2tvQLU9nYzknaW86SORvBTq7OD0hIO75EFtCVovn0oiGsCvjsp7qe%2BY72viMSqd10pRBFBPGCr42Xq%2BOs6QnjZSqAbrNdY9TmKFhR3%2BCxKM9EBUA7cf%2F"}],"group":"cf-nel","max_age":604800}
NEL: {"success_fraction":0,"report_to":"cf-nel","max_age":604800}
Server: cloudflare
CF-RAY: 91c7e3151d51e1e5-MRS
Content-Encoding: gzip
alt-svc: h3=":443"; ma=86400
server-timing: cfL4;desc="?proto=TCP&rtt=208109&min_rtt=195384&rtt_var=98719&sent=5&recv=6&lost=0&retrans=0&sent_bytes=3118&recv_bytes=791&delivery_rate=14011&cwnd=248&unsent_bytes=0&cid=19f263ffe5bef15d&ts=712&x=0"

{
    "fact": "Tylenol and chocolate are both poisionous to cats.",
    "length": 50
}
]]></system-out>
    <system-err><![CDATA[SLF4J(W): No SLF4J providers were found.
SLF4J(W): Defaulting to no-operation (NOP) logger implementation
SLF4J(W): See https://www.slf4j.org/codes.html#noProviders for further details.
]]></system-err>
  </testcase>
  <testcase name="runScenario[&quot;Negavtive Scenario to check response code 404&quot;, &quot;This test is to demonstrate assignment for TEG&quot;](2)" classname="engine.Runner" time="0.692">
    <system-out><![CDATA[null
Request method:	GET
Request URI:	https://catfact.ninja/fact1
Proxy:			<none>
Request params:	<none>
Query params:	<none>
Form params:	<none>
Path params:	<none>
Headers:		Accept=*/*
				Content-Type=application/json
Cookies:		<none>
Multiparts:		<none>
Body:			<none>
HTTP/1.1 404 Not Found
Date: Fri, 07 Mar 2025 06:03:00 GMT
Content-Type: application/json
Content-Length: 34
Connection: keep-alive
Cache-Control: no-cache, private
cf-cache-status: DYNAMIC
Report-To: {"endpoints":[{"url":"https:\/\/a.nel.cloudflare.com\/report\/v4?s=gGbPxsxnIJIzDkLephMs8u%2FI9k1rKkGvWIkBlvW13WqLVhz5f267%2FbKKwTcz5UYwwm%2FRV50NJIf3%2FxcaxUv%2BC%2BFfwVNDNaR1NFMyk%2F3bI3Y09gbulbqApY2hyQJfsnAP"}],"group":"cf-nel","max_age":604800}
NEL: {"success_fraction":0,"report_to":"cf-nel","max_age":604800}
Server: cloudflare
CF-RAY: 91c7e31d9aab1305-MRS
alt-svc: h3=":443"; ma=86400
server-timing: cfL4;desc="?proto=TCP&rtt=183035&min_rtt=150672&rtt_var=79619&sent=5&recv=6&lost=0&retrans=0&sent_bytes=3118&recv_bytes=792&delivery_rate=27636&cwnd=249&unsent_bytes=0&cid=555834a0cf93a307&ts=303&x=0"

{
    "message": "Not Found",
    "code": 404
}
]]></system-out>
  </testcase>
</testsuite>