<?xml version="1.0" encoding="UTF-8"?>
<testsuite xmlns:xsi="http://www.w3.org/2001/XMLSchema-instance" xsi:noNamespaceSchemaLocation="https://maven.apache.org/surefire/maven-surefire-plugin/xsd/surefire-test-report.xsd" version="3.0.1" name="engine.Runner" time="7.992" tests="2" errors="0" skipped="0" failures="0">
  <properties>
[...]
</properties>
  <testcase name="runScenario[&quot;Positive Scenario to check fact field string length greater than 5&quot;, &quot;This test is to demonstrate assignment for TEG&quot;](1)" classname="engine.Runner" time="1.689">
    <system-out><![CDATA[Request method:	GET
Request URI:	https://catfact.ninja/fact
Proxy:			<none>
Request params:	<none>
Query params:	<none>
Form params:	<none>
Path params:	<none>
Headers:		Accept=*/*
				Content-Type=application/json
Cookies:		<none>
Multiparts:		<none>
Body:			<none>
HTTP/1.1 200 OK
Date: Fri, 07 Mar 2025 09:07:20 GMT
Content-Type: application/json
Transfer-Encoding: chunked
Connection: keep-alive
vary: Accept-Encoding
Cache-Control: no-cache, private
x-ratelimit-limit: 100
x-ratelimit-remaining: 96
access-control-allow-origin: *
Set-Cookie: XSRF-TOKEN=eyJpdiI6IlRWcmNRRVBzb1YzNzNtVzd5STJYU3c9PSIsInZhbHVlIjoic2xtMXQvQkUwQjg1ZUEvYkl6bnpWSnlQMllOS2xlSGtsNS9VVFlOVkFnSGlVSTl2ZnV5TzMzYldFRTZpWTBEQmFQN3h5USt4YmJ4cll1QmYxNGRvYUNXSHoyYlQ4MmRMMTJNUWVWMzJ4enhDcVR6bytHejVMZm0vNEdEN3hNNFIiLCJtYWMiOiIxYzA2YmNjZjlhMjI4YzBhNWZlNDdlMzQ5OTU0NWNlN2I5ZThjMzJmOWNhYTFhODA0MTBhNGRiYzQyZDQ0OTAzIiwidGFnIjoiIn0%3D; expires=Fri, 07-Mar-2025 11:07:20 GMT; Max-Age=7200; path=/; secure; samesite=lax
Set-Cookie: catfacts_session=eyJpdiI6IkNuYUI1Qi9jUHk4QlRmOGxqSEk3Z3c9PSIsInZhbHVlIjoiUGIwdHpEZTdQWHY2WFN6Tm9QaW8wUVlLYmFhK2RhbHl4ZzhsZDFpWmdveE5SbEZpODlrUFhDc0QvV0hNVHlkVUh5SVZGa0tmNDNhM3ZaanNGRVJpTXZ3bW8vb2U3TkMxZFdFem5QRGJkeHlGRVBkK2gyMzhEYjZKOHQxc2FTZmoiLCJtYWMiOiIwZmM0MGJhMWUwMTZmOGMyZDYxZWNkMzJiZmI0MmM1ODA3MWFlZWRiY2I2NmRmNTc1OWRhYzI2YzEyZmFmMjgxIiwidGFnIjoiIn0%3D; expires=Fri, 07-Mar-2025 11:07:20 GMT; Max-Age=7200; path=/; secure; httponly; samesite=lax
Set-Cookie: 8AXmpJsTSVuxDXjeOZnVjYuPtN1fGzY56v0GpNlr=eyJpdiI6Ilg3aWtEMXpOK0F6L1BwWCsrdE9iSkE9PSIsInZhbHVlIjoiazFCY3pDMk16cGJaS1Y0aHJqRm9hazZRVVZRc0xvSXRhbGYzRVdMdGNjMC9iZERJWEhrYm1qenBPTVBud0EzNE0yRmNQUmNLU09ZSGFZY0s4YkR1UXVTU296VDFOVXI5MGZ1OFhRZjFHRUROcWg0SkhiUUkzbEQyM1RiT2phdGJDR2toQVZmaUVrc3MydjdOU1NCcndzRlZHR0lVdkZvUjFrRlU4b0FaMVZMRU9GTVdJWkxLNG9PTDIyc0dSWGlDMWwwc2U4dkdxdE8wSzlqZlNSZHVYUEwxeDNSL3h0V0tVeU8xT3JvTjhLYms4UXBRY0hhRkNtdi9wWklsYUF4RVF3MS9nWVZVcjI1ejUxSXFSWXNXWWFyZFVqTVl0dUxFMXpPTStIUERvVU0zcnhkalZwV2FjQkhRUFc0RW5KSnUvZFhjazJlM203Sm5yWk90WlNHNkZRbmZESXFBZmFQbGVlMk1UQXhRU0VNaFZoQndVWmJQOHBsT24wTjhnNWRtIiwibWFjIjoiZmI2NTIyYWYzNjQ0MjIyM2I3ZmVmZjA2MDkwMjA3ZjhkZjFmODE4YzYzMjk2MzdkZmUwOTU2YjJmOWVmNTkyNyIsInRhZyI6IiJ9; expires=Fri, 07-Mar-2025 11:07:20 GMT; Max-Age=7200; path=/; secure; httponly; samesite=lax
x-frame-options: SAMEORIGIN
x-xss-protection: 1; mode=block
x-content-type-options: nosniff
Content-Encoding: gzip
cf-cache-status: DYNAMIC
Report-To: {"endpoints":[{"url":"https:\/\/a.nel.cloudflare.com\/report\/v4?s=LyIlHE02QELik56qkd9VRTtJyfFjKpinwQTqvBklcLoNkrHoz5xAGzihi4SYlmgL1yCm6NqEn7DQ7wlKvTpO%2FukwvYzxim12dzz3hV6gwtvAzZR8RYkCbTaTe39cN2Qm"}],"group":"cf-nel","max_age":604800}
NEL: {"success_fraction":0,"report_to":"cf-nel","max_age":604800}
Server: cloudflare
CF-RAY: 91c8f1238c29b6c4-MRS
alt-svc: h3=":443"; ma=86400
server-timing: cfL4;desc="?proto=TCP&rtt=147523&min_rtt=142838&rtt_var=56911&sent=6&recv=6&lost=0&retrans=0&sent_bytes=3117&recv_bytes=791&delivery_rate=29151&cwnd=229&unsent_bytes=0&cid=761a693ae19d68fa&ts=333&x=0"

{
    "fact": "In Holland’s embassy in Moscow, Russia, the staff noticed that the two Siamese cats kept meowing and clawing at the walls of the building. Their owners finally investigated, thinking they would find mice. Instead, they discovered microphones hidden by Russian spies. The cats heard the microphones when they turned on.",
    "length": 318
}
]]></system-out>
    <system-err><![CDATA[SLF4J(W): No SLF4J providers were found.
SLF4J(W): Defaulting to no-operation (NOP) logger implementation
SLF4J(W): See https://www.slf4j.org/codes.html#noProviders for further details.
]]></system-err>
  </testcase>
  <testcase name="runScenario[&quot;Negavtive Scenario to check response code 404&quot;, &quot;This test is to demonstrate assignment for TEG&quot;](2)" classname="engine.Runner" time="0.865">
    <system-out><![CDATA[Request method:	GET
Request URI:	https://catfact.ninja/fact1
Proxy:			<none>
Request params:	<none>
Query params:	<none>
Form params:	<none>
Path params:	<none>
Headers:		Accept=*/*
				Content-Type=application/json
Cookies:		<none>
Multiparts:		<none>
Body:			<none>
HTTP/1.1 404 Not Found
Date: Fri, 07 Mar 2025 09:07:21 GMT
Content-Type: application/json
Content-Length: 34
Connection: keep-alive
Cache-Control: no-cache, private
cf-cache-status: DYNAMIC
Report-To: {"endpoints":[{"url":"https:\/\/a.nel.cloudflare.com\/report\/v4?s=%2BiTeukK75LBX30GjMaHp%2FnT7qRKJqo6Qn%2BHvUCJXW%2F1bd5GbIzlwA%2BEvzFp9uCBpV06nUIOXaZsBWY7DA5WWu%2BUspDgBA2sP8nnH3yUfVko%2Bk0ta9tYHj09T7gRu%2BiXq"}],"group":"cf-nel","max_age":604800}
NEL: {"success_fraction":0,"report_to":"cf-nel","max_age":604800}
Server: cloudflare
CF-RAY: 91c8f1298b38d8b2-MRS
alt-svc: h3=":443"; ma=86400
server-timing: cfL4;desc="?proto=TCP&rtt=179377&min_rtt=146687&rtt_var=78358&sent=5&recv=6&lost=0&retrans=0&sent_bytes=3117&recv_bytes=792&delivery_rate=28386&cwnd=252&unsent_bytes=0&cid=91ef13f73f0bc8da&ts=514&x=0"

{
    "message": "Not Found",
    "code": 404
}
]]></system-out>
  </testcase>
</testsuite>