<?xml version="1.0" encoding="UTF-8"?>
<testng-results ignored="0" total="2" passed="2" failed="0" skipped="0">
  <reporter-output>
  </reporter-output>
  <suite started-at="2025-03-07T14:37:18 IST" name="Surefire suite" finished-at="2025-03-07T14:37:21 IST" duration-ms="2678">
    <groups>
      <group name="cucumber">
        <method signature="AbstractTestNGCucumberTests.runScenario(io.cucumber.testng.PickleWrapper,io.cucumber.testng.FeatureWrapper)[pri:0, instance:engine.Runner@65466a6a]" name="runScenario" class="io.cucumber.testng.AbstractTestNGCucumberTests"/>
      </group> <!-- cucumber -->
    </groups>
    <test started-at="2025-03-07T14:37:18 IST" name="Surefire test" finished-at="2025-03-07T14:37:21 IST" duration-ms="2678">
      <class name="engine.Runner">
        <test-method is-config="true" signature="setUpClass(org.testng.ITestContext)[pri:0, instance:engine.Runner@65466a6a]" started-at="2025-03-07T14:37:18 IST" name="setUpClass" finished-at="2025-03-07T14:37:18 IST" duration-ms="100" status="PASS">
          <params>
            <param index="0">
              <value>
                <![CDATA[org.testng.TestRunner@292b08d6]]>
              </value>
            </param>
          </params>
          <reporter-output>
          </reporter-output>
        </test-method> <!-- setUpClass -->
        <test-method signature="runScenario(io.cucumber.testng.PickleWrapper,io.cucumber.testng.FeatureWrapper)[pri:0, instance:engine.Runner@65466a6a]" started-at="2025-03-07T14:37:18 IST" name="runScenario" description="Runs Cucumber Scenarios" data-provider="scenarios" finished-at="2025-03-07T14:37:20 IST" duration-ms="1685" status="PASS">
          <params>
            <param index="0">
              <value>
                <![CDATA["Positive Scenario to check fact field string length greater than 5"]]>
              </value>
            </param>
            <param index="1">
              <value>
                <![CDATA["This test is to demonstrate assignment for TEG"]]>
              </value>
            </param>
          </params>
          <reporter-output>
          </reporter-output>
        </test-method> <!-- runScenario -->
        <test-method signature="runScenario(io.cucumber.testng.PickleWrapper,io.cucumber.testng.FeatureWrapper)[pri:0, instance:engine.Runner@65466a6a]" started-at="2025-03-07T14:37:20 IST" name="runScenario" description="Runs Cucumber Scenarios" data-provider="scenarios" finished-at="2025-03-07T14:37:21 IST" duration-ms="870" status="PASS">
          <params>
            <param index="0">
              <value>
                <![CDATA["Negavtive Scenario to check response code 404"]]>
              </value>
            </param>
            <param index="1">
              <value>
                <![CDATA["This test is to demonstrate assignment for TEG"]]>
              </value>
            </param>
          </params>
          <reporter-output>
          </reporter-output>
        </test-method> <!-- runScenario -->
        <test-method is-config="true" signature="tearDownClass()[pri:0, instance:engine.Runner@65466a6a]" started-at="2025-03-07T14:37:21 IST" name="tearDownClass" finished-at="2025-03-07T14:37:21 IST" duration-ms="2" status="PASS">
          <reporter-output>
          </reporter-output>
        </test-method> <!-- tearDownClass -->
      </class> <!-- engine.Runner -->
    </test> <!-- Surefire test -->
  </suite> <!-- Surefire suite -->
</testng-results>
