<?xml version="1.0" encoding="UTF-8"?>
<testng-results ignored="0" total="2" passed="2" failed="0" skipped="0">
  <reporter-output>
  </reporter-output>
  <suite started-at="2025-03-07T11:17:41 IST" name="Default suite" finished-at="2025-03-07T11:17:44 IST" duration-ms="2659">
    <groups>
      <group name="cucumber">
        <method signature="AbstractTestNGCucumberTests.runScenario(io.cucumber.testng.PickleWrapper,io.cucumber.testng.FeatureWrapper)[pri:0, instance:engine.Runner@3d285d7e]" name="runScenario" class="io.cucumber.testng.AbstractTestNGCucumberTests"/>
      </group> <!-- cucumber -->
    </groups>
    <test started-at="2025-03-07T11:17:41 IST" name="Default test" finished-at="2025-03-07T11:17:44 IST" duration-ms="2659">
      <class name="engine.Runner">
        <test-method is-config="true" signature="setUpClass(org.testng.ITestContext)[pri:0, instance:engine.Runner@3d285d7e]" started-at="2025-03-07T11:17:41 IST" name="setUpClass" finished-at="2025-03-07T11:17:41 IST" duration-ms="89" status="PASS">
          <params>
            <param index="0">
              <value>
                <![CDATA[org.testng.TestRunner@3a0aaaf0]]>
              </value>
            </param>
          </params>
          <reporter-output>
          </reporter-output>
        </test-method> <!-- setUpClass -->
        <test-method signature="runScenario(io.cucumber.testng.PickleWrapper,io.cucumber.testng.FeatureWrapper)[pri:0, instance:engine.Runner@3d285d7e]" started-at="2025-03-07T11:17:41 IST" name="runScenario" description="Runs Cucumber Scenarios" data-provider="scenarios" finished-at="2025-03-07T11:17:43 IST" duration-ms="1849" status="PASS">
          <params>
            <param index="0">
              <value>
                <![CDATA["Positive Scenario -"]]>
              </value>
            </param>
            <param index="1">
              <value>
                <![CDATA["This test is to demonstrate assignment for TEG"]]>
              </value>
            </param>
          </params>
          <reporter-output>
          </reporter-output>
        </test-method> <!-- runScenario -->
        <test-method signature="runScenario(io.cucumber.testng.PickleWrapper,io.cucumber.testng.FeatureWrapper)[pri:0, instance:engine.Runner@3d285d7e]" started-at="2025-03-07T11:17:43 IST" name="runScenario" description="Runs Cucumber Scenarios" data-provider="scenarios" finished-at="2025-03-07T11:17:44 IST" duration-ms="691" status="PASS">
          <params>
            <param index="0">
              <value>
                <![CDATA["Negavtive Scenario -"]]>
              </value>
            </param>
            <param index="1">
              <value>
                <![CDATA["This test is to demonstrate assignment for TEG"]]>
              </value>
            </param>
          </params>
          <reporter-output>
          </reporter-output>
        </test-method> <!-- runScenario -->
        <test-method is-config="true" signature="tearDownClass()[pri:0, instance:engine.Runner@3d285d7e]" started-at="2025-03-07T11:17:44 IST" name="tearDownClass" finished-at="2025-03-07T11:17:44 IST" duration-ms="2" status="PASS">
          <reporter-output>
          </reporter-output>
        </test-method> <!-- tearDownClass -->
      </class> <!-- engine.Runner -->
    </test> <!-- Default test -->
  </suite> <!-- Default suite -->
</testng-results>
